# JRE version: Java(TM) SE Runtime Environment (8.0_181-b13) (build 1.8.0_181-b13)
# Java VM: Java HotSpot(TM) 64-Bit Server VM (25.181-b13 mixed mode linux-amd64 compressed oops)
Heap:
 PSYoungGen      total 281600K, used 5138K [0x00000000d6780000, 0x00000000e8d80000, 0x0000000100000000)
  eden space 262144K, 0% used [0x00000000d6780000,0x00000000d6780000,0x00000000e6780000)
  from space 19456K, 26% used [0x00000000e6780000,0x00000000e6c84960,0x00000000e7a80000)
  to   space 18432K, 0% used [0x00000000e7b80000,0x00000000e7b80000,0x00000000e8d80000)
 ParOldGen       total 86016K, used 39507K [0x0000000083600000, 0x0000000088a00000, 0x00000000d6780000)
  object space 86016K, 45% used [0x0000000083600000,0x0000000085c94ef0,0x0000000088a00000)
 Metaspace       used 18146K, capacity 18386K, committed 18688K, reserved 1067008K
  class space    used 1892K, capacity 1978K, committed 2048K, reserved 1048576K
GC Heap History (10 events):
Event: 1,409 GC heap after
Heap after GC invocations=2 (full 0):
 PSYoungGen      total 70656K, used 5112K [0x00000000d6780000, 0x00000000db180000, 0x0000000100000000)
  eden space 65536K, 0% used [0x00000000d6780000,0x00000000d6780000,0x00000000da780000)
  from space 5120K, 99% used [0x00000000dac80000,0x00000000db17e398,0x00000000db180000)
  to   space 5120K, 0% used [0x00000000da780000,0x00000000da780000,0x00000000dac80000)
 ParOldGen       total 86016K, used 6237K [0x0000000083600000, 0x0000000088a00000, 0x00000000d6780000)
  object space 86016K, 7% used [0x0000000083600000,0x0000000083c174b0,0x0000000088a00000)
 Metaspace       used 12214K, capacity 12350K, committed 12800K, reserved 1060864K
  class space    used 1319K, capacity 1413K, committed 1536K, reserved 1048576K
}
Event: 1,821 GC heap before
{Heap before GC invocations=3 (full 0):
 PSYoungGen      total 70656K, used 70648K [0x00000000d6780000, 0x00000000db180000, 0x0000000100000000)
  eden space 65536K, 100% used [0x00000000d6780000,0x00000000da780000,0x00000000da780000)
  from space 5120K, 99% used [0x00000000dac80000,0x00000000db17e398,0x00000000db180000)
  to   space 5120K, 0% used [0x00000000da780000,0x00000000da780000,0x00000000dac80000)
 ParOldGen       total 86016K, used 6237K [0x0000000083600000, 0x0000000088a00000, 0x00000000d6780000)
  object space 86016K, 7% used [0x0000000083600000,0x0000000083c174b0,0x0000000088a00000)
 Metaspace       used 13099K, capacity 13308K, committed 13568K, reserved 1060864K
  class space    used 1414K, capacity 1514K, committed 1536K, reserved 1048576K
Event: 1,838 GC heap after
Heap after GC invocations=3 (full 0):
 PSYoungGen      total 70656K, used 5101K [0x00000000d6780000, 0x00000000df180000, 0x0000000100000000)
  eden space 65536K, 0% used [0x00000000d6780000,0x00000000d6780000,0x00000000da780000)
  from space 5120K, 99% used [0x00000000da780000,0x00000000dac7b4b8,0x00000000dac80000)
  to   space 5120K, 0% used [0x00000000dec80000,0x00000000dec80000,0x00000000df180000)
 ParOldGen       total 86016K, used 14367K [0x0000000083600000, 0x0000000088a00000, 0x00000000d6780000)
  object space 86016K, 16% used [0x0000000083600000,0x0000000084407c50,0x0000000088a00000)
 Metaspace       used 13099K, capacity 13308K, committed 13568K, reserved 1060864K
  class space    used 1414K, capacity 1514K, committed 1536K, reserved 1048576K
}
Event: 2,404 GC heap before
{Heap before GC invocations=4 (full 0):
 PSYoungGen      total 70656K, used 70637K [0x00000000d6780000, 0x00000000df180000, 0x0000000100000000)
  eden space 65536K, 100% used [0x00000000d6780000,0x00000000da780000,0x00000000da780000)
  from space 5120K, 99% used [0x00000000da780000,0x00000000dac7b4b8,0x00000000dac80000)
  to   space 5120K, 0% used [0x00000000dec80000,0x00000000dec80000,0x00000000df180000)
 ParOldGen       total 86016K, used 14367K [0x0000000083600000, 0x0000000088a00000, 0x00000000d6780000)
  object space 86016K, 16% used [0x0000000083600000,0x0000000084407c50,0x0000000088a00000)
 Metaspace       used 13297K, capacity 13500K, committed 13824K, reserved 1060864K
  class space    used 1424K, capacity 1514K, committed 1536K, reserved 1048576K
Event: 2,428 GC heap after
Heap after GC invocations=4 (full 0):
 PSYoungGen      total 136192K, used 5098K [0x00000000d6780000, 0x00000000df180000, 0x0000000100000000)
  eden space 131072K, 0% used [0x00000000d6780000,0x00000000d6780000,0x00000000de780000)
  from space 5120K, 99% used [0x00000000dec80000,0x00000000df17aba8,0x00000000df180000)
  to   space 5120K, 0% used [0x00000000de780000,0x00000000de780000,0x00000000dec80000)
 ParOldGen       total 86016K, used 23628K [0x0000000083600000, 0x0000000088a00000, 0x00000000d6780000)
  object space 86016K, 27% used [0x0000000083600000,0x0000000084d132b0,0x0000000088a00000)
 Metaspace       used 13297K, capacity 13500K, committed 13824K, reserved 1060864K
  class space    used 1424K, capacity 1514K, committed 1536K, reserved 1048576K
}
Event: 6,406 GC heap before
{Heap before GC invocations=5 (full 0):
 PSYoungGen      total 136192K, used 136170K [0x00000000d6780000, 0x00000000df180000, 0x0000000100000000)
  eden space 131072K, 100% used [0x00000000d6780000,0x00000000de780000,0x00000000de780000)
  from space 5120K, 99% used [0x00000000dec80000,0x00000000df17aba8,0x00000000df180000)
  to   space 5120K, 0% used [0x00000000de780000,0x00000000de780000,0x00000000dec80000)
 ParOldGen       total 86016K, used 23628K [0x0000000083600000, 0x0000000088a00000, 0x00000000d6780000)
  object space 86016K, 27% used [0x0000000083600000,0x0000000084d132b0,0x0000000088a00000)
 Metaspace       used 15618K, capacity 15820K, committed 16128K, reserved 1062912K
  class space    used 1679K, capacity 1772K, committed 1792K, reserved 1048576K
Event: 6,439 GC heap after
Heap after GC invocations=5 (full 0):
 PSYoungGen      total 136192K, used 5108K [0x00000000d6780000, 0x00000000e8f80000, 0x0000000100000000)
  eden space 131072K, 0% used [0x00000000d6780000,0x00000000d6780000,0x00000000de780000)
  from space 5120K, 99% used [0x00000000de780000,0x00000000dec7d088,0x00000000dec80000)
  to   space 20480K, 0% used [0x00000000e7b80000,0x00000000e7b80000,0x00000000e8f80000)
 ParOldGen       total 86016K, used 36341K [0x0000000083600000, 0x0000000088a00000, 0x00000000d6780000)
  object space 86016K, 42% used [0x0000000083600000,0x000000008597d4f0,0x0000000088a00000)
 Metaspace       used 15618K, capacity 15820K, committed 16128K, reserved 1062912K
  class space    used 1679K, capacity 1772K, committed 1792K, reserved 1048576K
}
Event: 7,649 GC heap before
{Heap before GC invocations=6 (full 0):
 PSYoungGen      total 136192K, used 136180K [0x00000000d6780000, 0x00000000e8f80000, 0x0000000100000000)
  eden space 131072K, 100% used [0x00000000d6780000,0x00000000de780000,0x00000000de780000)
  from space 5120K, 99% used [0x00000000de780000,0x00000000dec7d088,0x00000000dec80000)
  to   space 20480K, 0% used [0x00000000e7b80000,0x00000000e7b80000,0x00000000e8f80000)
 ParOldGen       total 86016K, used 36341K [0x0000000083600000, 0x0000000088a00000, 0x00000000d6780000)
  object space 86016K, 42% used [0x0000000083600000,0x000000008597d4f0,0x0000000088a00000)
 Metaspace       used 16651K, capacity 16830K, committed 17024K, reserved 1064960K
  class space    used 1777K, capacity 1848K, committed 1920K, reserved 1048576K
Event: 7,667 GC heap after
Heap after GC invocations=6 (full 0):
 PSYoungGen      total 280576K, used 12945K [0x00000000d6780000, 0x00000000e8d80000, 0x0000000100000000)
  eden space 262144K, 0% used [0x00000000d6780000,0x00000000d6780000,0x00000000e6780000)
  from space 18432K, 70% used [0x00000000e7b80000,0x00000000e8824690,0x00000000e8d80000)
  to   space 19456K, 0% used [0x00000000e6780000,0x00000000e6780000,0x00000000e7a80000)
 ParOldGen       total 86016K, used 36349K [0x0000000083600000, 0x0000000088a00000, 0x00000000d6780000)
  object space 86016K, 42% used [0x0000000083600000,0x000000008597f4f0,0x0000000088a00000)
 Metaspace       used 16651K, capacity 16830K, committed 17024K, reserved 1064960K
  class space    used 1777K, capacity 1848K, committed 1920K, reserved 1048576K
}
Event: 9,485 GC heap before
{Heap before GC invocations=7 (full 0):
 PSYoungGen      total 280576K, used 275089K [0x00000000d6780000, 0x00000000e8d80000, 0x0000000100000000)
  eden space 262144K, 100% used [0x00000000d6780000,0x00000000e6780000,0x00000000e6780000)
  from space 18432K, 70% used [0x00000000e7b80000,0x00000000e8824690,0x00000000e8d80000)
  to   space 19456K, 0% used [0x00000000e6780000,0x00000000e6780000,0x00000000e7a80000)
 ParOldGen       total 86016K, used 36349K [0x0000000083600000, 0x0000000088a00000, 0x00000000d6780000)
  object space 86016K, 42% used [0x0000000083600000,0x000000008597f4f0,0x0000000088a00000)
 Metaspace       used 18146K, capacity 18386K, committed 18688K, reserved 1067008K
  class space    used 1892K, capacity 1978K, committed 2048K, reserved 1048576K

